Using pre-set license
Built from '2022.1/staging' branch; Version is '2022.1.9f1 (07e076b6d414) revision 516214'; Using compiler version '192829333'; Build Type 'Release'
OS: 'Windows 10  (10.0.19044) 64bit Professional' Language: 'tr' Physical Memory: 7971 MB
BatchMode: 1, IsHumanControllingUs: 0, StartBugReporterOnCrash: 0, Is64bit: 1, IsPro: 1

COMMAND LINE ARGUMENTS:
C:\Program Files\Unity\Hub\Editor\2022.1.9f1\Editor\Unity.exe
-adb2
-batchMode
-noUpm
-name
AssetImportWorker2
-projectPath
C:/Users/monster/Documents/GitHub/StackBall3DClone/Stack Ball 3D
-logFile
Logs/AssetImportWorker2.log
-srvPort
60941
Successfully changed project path to: C:/Users/monster/Documents/GitHub/StackBall3DClone/Stack Ball 3D
C:/Users/monster/Documents/GitHub/StackBall3DClone/Stack Ball 3D
[UnityMemory] Configuration Parameters - Can be set up in boot.config
    "memorysetup-bucket-allocator-granularity=16"
    "memorysetup-bucket-allocator-bucket-count=8"
    "memorysetup-bucket-allocator-block-size=33554432"
    "memorysetup-bucket-allocator-block-count=8"
    "memorysetup-main-allocator-block-size=16777216"
    "memorysetup-thread-allocator-block-size=16777216"
    "memorysetup-gfx-main-allocator-block-size=16777216"
    "memorysetup-gfx-thread-allocator-block-size=16777216"
    "memorysetup-cache-allocator-block-size=4194304"
    "memorysetup-typetree-allocator-block-size=2097152"
    "memorysetup-profiler-bucket-allocator-granularity=16"
    "memorysetup-profiler-bucket-allocator-bucket-count=8"
    "memorysetup-profiler-bucket-allocator-block-size=33554432"
    "memorysetup-profiler-bucket-allocator-block-count=8"
    "memorysetup-profiler-allocator-block-size=16777216"
    "memorysetup-profiler-editor-allocator-block-size=1048576"
    "memorysetup-temp-allocator-size-main=16777216"
    "memorysetup-job-temp-allocator-block-size=2097152"
    "memorysetup-job-temp-allocator-block-size-background=1048576"
    "memorysetup-job-temp-allocator-reduction-small-platforms=262144"
    "memorysetup-temp-allocator-size-background-worker=32768"
    "memorysetup-temp-allocator-size-job-worker=262144"
    "memorysetup-temp-allocator-size-preload-manager=33554432"
    "memorysetup-temp-allocator-size-nav-mesh-worker=65536"
    "memorysetup-temp-allocator-size-audio-worker=65536"
    "memorysetup-temp-allocator-size-cloud-worker=32768"
    "memorysetup-temp-allocator-size-gi-baking-worker=262144"
    "memorysetup-temp-allocator-size-gfx=262144"
Refreshing native plugins compatible for Editor in 96.94 ms, found 2 plugins.
Preloading 0 native plugins for Editor in 0.00 ms.
Initialize engine version: 2022.1.9f1 (07e076b6d414)
[Subsystems] Discovering subsystems at path C:/Program Files/Unity/Hub/Editor/2022.1.9f1/Editor/Data/Resources/UnitySubsystems
[Subsystems] Discovering subsystems at path C:/Users/monster/Documents/GitHub/StackBall3DClone/Stack Ball 3D/Assets
GfxDevice: creating device client; threaded=0; jobified=0
Direct3D:
    Version:  Direct3D 11.0 [level 11.1]
    Renderer: NVIDIA GeForce RTX 3050 Ti Laptop GPU (ID=0x25a0)
    Vendor:   NVIDIA
    VRAM:     3990 MB
    Driver:   27.21.14.6275
Initialize mono
Mono path[0] = 'C:/Program Files/Unity/Hub/Editor/2022.1.9f1/Editor/Data/Managed'
Mono path[1] = 'C:/Program Files/Unity/Hub/Editor/2022.1.9f1/Editor/Data/MonoBleedingEdge/lib/mono/unityjit-win32'
Mono config path = 'C:/Program Files/Unity/Hub/Editor/2022.1.9f1/Editor/Data/MonoBleedingEdge/etc'
Using monoOptions --debugger-agent=transport=dt_socket,embedding=1,server=y,suspend=n,address=127.0.0.1:56952
Begin MonoManager ReloadAssembly
Registering precompiled unity dll's ...
Register platform support module: C:/Program Files/Unity/Hub/Editor/2022.1.9f1/Editor/Data/PlaybackEngines/AndroidPlayer/UnityEditor.Android.Extensions.dll
Register platform support module: C:/Program Files/Unity/Hub/Editor/2022.1.9f1/Editor/Data/PlaybackEngines/WindowsStandaloneSupport/UnityEditor.WindowsStandalone.Extensions.dll
Registered in 0.025786 seconds.
Native extension for WindowsStandalone target not found
Native extension for Android target not found
Refreshing native plugins compatible for Editor in 115.37 ms, found 2 plugins.
Preloading 0 native plugins for Editor in 0.00 ms.
Mono: successfully reloaded assembly
- Completed reload, in  2.292 seconds
Domain Reload Profiling:
	ReloadAssembly (2294ms)
		BeginReloadAssembly (276ms)
			ExecutionOrderSort (0ms)
			DisableScriptedObjects (0ms)
			BackupInstance (0ms)
			ReleaseScriptingObjects (0ms)
			CreateAndSetChildDomain (5ms)
		EndReloadAssembly (1623ms)
			LoadAssemblies (267ms)
			RebuildTransferFunctionScriptingTraits (0ms)
			SetupTypeCache (428ms)
				TypeCache.Initialize (427ms)
					TypeCache.ScanAssembly (423ms)
				ResolveRequiredComponents (1ms)
			ReleaseScriptCaches (0ms)
			RebuildScriptCaches (108ms)
			SetupLoadedEditorAssemblies (900ms)
				LogAssemblyErrors (0ms)
				InitializePlatformSupportModulesInManaged (175ms)
				SetLoadedEditorAssemblies (28ms)
				RefreshPlugins (116ms)
				BeforeProcessingInitializeOnLoad (4ms)
				ProcessInitializeOnLoadAttributes (412ms)
				ProcessInitializeOnLoadMethodAttributes (164ms)
				AfterProcessingInitializeOnLoad (0ms)
				EditorAssembliesLoaded (0ms)
			ExecutionOrderSort2 (0ms)
			AwakeInstancesAfterBackupRestoration (0ms)
Platform modules already initialized, skipping
Registering precompiled user dll's ...
Registered in 0.009536 seconds.
Begin MonoManager ReloadAssembly
Native extension for WindowsStandalone target not found
Native extension for Android target not found
Refreshing native plugins compatible for Editor in 1.36 ms, found 2 plugins.
Preloading 0 native plugins for Editor in 0.00 ms.
Mono: successfully reloaded assembly
- Completed reload, in  2.857 seconds
Domain Reload Profiling:
	ReloadAssembly (2860ms)
		BeginReloadAssembly (480ms)
			ExecutionOrderSort (0ms)
			DisableScriptedObjects (23ms)
			BackupInstance (0ms)
			ReleaseScriptingObjects (0ms)
			CreateAndSetChildDomain (85ms)
		EndReloadAssembly (1919ms)
			LoadAssemblies (343ms)
			RebuildTransferFunctionScriptingTraits (0ms)
			SetupTypeCache (696ms)
				TypeCache.Initialize (689ms)
					TypeCache.ScanAssembly (679ms)
				ResolveRequiredComponents (7ms)
			ReleaseScriptCaches (2ms)
			RebuildScriptCaches (107ms)
			SetupLoadedEditorAssemblies (733ms)
				LogAssemblyErrors (0ms)
				InitializePlatformSupportModulesInManaged (37ms)
				SetLoadedEditorAssemblies (18ms)
				RefreshPlugins (2ms)
				BeforeProcessingInitializeOnLoad (133ms)
				ProcessInitializeOnLoadAttributes (471ms)
				ProcessInitializeOnLoadMethodAttributes (60ms)
				AfterProcessingInitializeOnLoad (12ms)
				EditorAssembliesLoaded (0ms)
			ExecutionOrderSort2 (0ms)
			AwakeInstancesAfterBackupRestoration (14ms)
Platform modules already initialized, skipping
========================================================================
Worker process is ready to serve import requests
Launched and connected shader compiler UnityShaderCompiler.exe after 0.22 seconds
Refreshing native plugins compatible for Editor in 1.83 ms, found 2 plugins.
Preloading 0 native plugins for Editor in 0.00 ms.
Unloading 1698 Unused Serialized files (Serialized files now loaded: 0)
Unloading 20 unused Assets / (50.3 KB). Loaded Objects now: 2171.
Memory consumption went from 282.0 MB to 282.0 MB.
Total: 20.347700 ms (FindLiveObjects: 0.541400 ms CreateObjectMapping: 0.180500 ms MarkObjects: 19.124800 ms  DeleteObjects: 0.493900 ms)

AssetImportParameters requested are different than current active one (requested -> active):
  custom:video-decoder-ogg-theora: a1e56fd34408186e4bbccfd4996cb3dc -> 
  custom:container-muxer-webm: aa71ff27fc2769a1b78a27578f13a17b -> 
  custom:container-demuxer-webm: 4f35f7cbe854078d1ac9338744f61a02 -> 
  custom:video-encoder-webm-vp8: eb34c28f22e8b96e1ab97ce403110664 -> 
  custom:audio-encoder-webm-vorbis: bf7c407c2cedff20999df2af8eb42d56 -> 
  custom:framework-win-MediaFoundation: 216162199b28c13a410421893ffa2e32 -> 
  custom:container-demuxer-ogg: 62fdf1f143b41e24485cea50d1cbac27 -> 
  custom:video-decoder-webm-vp8: 9c59270c3fd7afecdb556c50c9e8de78 -> 
  custom:audio-decoder-ogg-vorbis: bf7c407c2cedff20999df2af8eb42d56 -> 
========================================================================
Received Import Request.
  Time since last request: 6155.365277 seconds.
  path: Assets/Prefabs/Models/spikes/spikes 0.prefab
  artifactKey: Guid(23d3fdaf8929ba6469884ec590fdcc44) Importer(815301076,1909f56bfc062723c751e8b465ee728b)
Start importing Assets/Prefabs/Models/spikes/spikes 0.prefab using Guid(23d3fdaf8929ba6469884ec590fdcc44) Importer(815301076,1909f56bfc062723c751e8b465ee728b)  -> (artifact id: 'b6e29f2d50f7bf04f62bfa12fa3499e1') in 0.222720 seconds 
========================================================================
Received Import Request.
  Time since last request: 53.034951 seconds.
  path: Assets/Prefabs/Effects
  artifactKey: Guid(9b837a14268e8b547b619a793d7f9d63) Importer(815301076,1909f56bfc062723c751e8b465ee728b)
Start importing Assets/Prefabs/Effects using Guid(9b837a14268e8b547b619a793d7f9d63) Importer(815301076,1909f56bfc062723c751e8b465ee728b)  -> (artifact id: 'dcabecddc66feae1e56eecdbc67423f3') in 0.008622 seconds 
========================================================================
Received Import Request.
  Time since last request: 0.062560 seconds.
  path: Assets/Prefabs/Effects/FireEffect 1.prefab
  artifactKey: Guid(f129455ba97b8de40a238150d47e51f3) Importer(815301076,1909f56bfc062723c751e8b465ee728b)
Start importing Assets/Prefabs/Effects/FireEffect 1.prefab using Guid(f129455ba97b8de40a238150d47e51f3) Importer(815301076,1909f56bfc062723c751e8b465ee728b)  -> (artifact id: 'de5a40e901001ad82ab93b0b172350ca') in 0.033037 seconds 
========================================================================
Received Import Request.
  Time since last request: 6.004421 seconds.
  path: Assets/Prefabs/Models/circle/circle 0.prefab
  artifactKey: Guid(4090eb26e9a6243499e279e647626f17) Importer(815301076,1909f56bfc062723c751e8b465ee728b)
Start importing Assets/Prefabs/Models/circle/circle 0.prefab using Guid(4090eb26e9a6243499e279e647626f17) Importer(815301076,1909f56bfc062723c751e8b465ee728b)  -> (artifact id: 'e904c317cd4ab929ad71016593aecd80') in 0.012197 seconds 
========================================================================
Received Import Request.
  Time since last request: 2.568579 seconds.
  path: Assets/Prefabs/Models/circle/circle 0.prefab
  artifactKey: Guid(4090eb26e9a6243499e279e647626f17) Importer(815301076,1909f56bfc062723c751e8b465ee728b)
Start importing Assets/Prefabs/Models/circle/circle 0.prefab using Guid(4090eb26e9a6243499e279e647626f17) Importer(815301076,1909f56bfc062723c751e8b465ee728b)  -> (artifact id: '8a40f3262c7dcb6c2321937d5bc1cc73') in 0.007696 seconds 
========================================================================
Received Import Request.
  Time since last request: 163.708729 seconds.
  path: Assets/Prefabs/Models/circle/circle 0.prefab
  artifactKey: Guid(4090eb26e9a6243499e279e647626f17) Importer(815301076,1909f56bfc062723c751e8b465ee728b)
Start importing Assets/Prefabs/Models/circle/circle 0.prefab using Guid(4090eb26e9a6243499e279e647626f17) Importer(815301076,1909f56bfc062723c751e8b465ee728b)  -> (artifact id: '5048e3b227a57df013e59c7040d9e637') in 0.008681 seconds 
========================================================================
Received Import Request.
  Time since last request: 1.182686 seconds.
  path: Assets/Prefabs/Models/circle/circle 0.prefab
  artifactKey: Guid(4090eb26e9a6243499e279e647626f17) Importer(815301076,1909f56bfc062723c751e8b465ee728b)
Start importing Assets/Prefabs/Models/circle/circle 0.prefab using Guid(4090eb26e9a6243499e279e647626f17) Importer(815301076,1909f56bfc062723c751e8b465ee728b)  -> (artifact id: 'b017da9c0816de9def9423fde730b1ec') in 0.007354 seconds 
========================================================================
Received Import Request.
  Time since last request: 0.791400 seconds.
  path: Assets/Prefabs/Models/circle/circle 0.prefab
  artifactKey: Guid(4090eb26e9a6243499e279e647626f17) Importer(815301076,1909f56bfc062723c751e8b465ee728b)
Start importing Assets/Prefabs/Models/circle/circle 0.prefab using Guid(4090eb26e9a6243499e279e647626f17) Importer(815301076,1909f56bfc062723c751e8b465ee728b)  -> (artifact id: 'b2699bc69bd98ac608ffcd0739673cad') in 0.008113 seconds 
========================================================================
Received Import Request.
  Time since last request: 1.196429 seconds.
  path: Assets/Prefabs/Models/circle/circle 0.prefab
  artifactKey: Guid(4090eb26e9a6243499e279e647626f17) Importer(815301076,1909f56bfc062723c751e8b465ee728b)
Start importing Assets/Prefabs/Models/circle/circle 0.prefab using Guid(4090eb26e9a6243499e279e647626f17) Importer(815301076,1909f56bfc062723c751e8b465ee728b)  -> (artifact id: '09760cdc87fec9af35a01eb8f6074ba8') in 0.007477 seconds 
========================================================================
Received Import Request.
  Time since last request: 0.392446 seconds.
  path: Assets/Prefabs/Models/circle/circle 0.prefab
  artifactKey: Guid(4090eb26e9a6243499e279e647626f17) Importer(815301076,1909f56bfc062723c751e8b465ee728b)
Start importing Assets/Prefabs/Models/circle/circle 0.prefab using Guid(4090eb26e9a6243499e279e647626f17) Importer(815301076,1909f56bfc062723c751e8b465ee728b)  -> (artifact id: '192e4b82b9af33ad8a7dc273f9d47f15') in 0.007766 seconds 
========================================================================
Received Import Request.
  Time since last request: 71.631935 seconds.
  path: Assets/Prefabs/Models/circle/circle 0.prefab
  artifactKey: Guid(4090eb26e9a6243499e279e647626f17) Importer(815301076,1909f56bfc062723c751e8b465ee728b)
Start importing Assets/Prefabs/Models/circle/circle 0.prefab using Guid(4090eb26e9a6243499e279e647626f17) Importer(815301076,1909f56bfc062723c751e8b465ee728b)  -> (artifact id: 'e3b83619a1d45049608b272952c3bb99') in 0.012325 seconds 
========================================================================
Received Import Request.
  Time since last request: 0.386018 seconds.
  path: Assets/Prefabs/Models/circle/circle 0.prefab
  artifactKey: Guid(4090eb26e9a6243499e279e647626f17) Importer(815301076,1909f56bfc062723c751e8b465ee728b)
Start importing Assets/Prefabs/Models/circle/circle 0.prefab using Guid(4090eb26e9a6243499e279e647626f17) Importer(815301076,1909f56bfc062723c751e8b465ee728b)  -> (artifact id: 'f363e8177446548be43ef345e9cc855b') in 0.007904 seconds 
========================================================================
Received Import Request.
  Time since last request: 0.994240 seconds.
  path: Assets/Prefabs/Models/circle/circle 0.prefab
  artifactKey: Guid(4090eb26e9a6243499e279e647626f17) Importer(815301076,1909f56bfc062723c751e8b465ee728b)
Start importing Assets/Prefabs/Models/circle/circle 0.prefab using Guid(4090eb26e9a6243499e279e647626f17) Importer(815301076,1909f56bfc062723c751e8b465ee728b)  -> (artifact id: '9dc055f6423f544ad8df2f196d2d462d') in 0.007625 seconds 
========================================================================
Received Import Request.
  Time since last request: 0.597099 seconds.
  path: Assets/Prefabs/Models/circle/circle 0.prefab
  artifactKey: Guid(4090eb26e9a6243499e279e647626f17) Importer(815301076,1909f56bfc062723c751e8b465ee728b)
Start importing Assets/Prefabs/Models/circle/circle 0.prefab using Guid(4090eb26e9a6243499e279e647626f17) Importer(815301076,1909f56bfc062723c751e8b465ee728b)  -> (artifact id: '27c1ae8e59db22cf12e86e240d345a35') in 0.007801 seconds 
========================================================================
Received Import Request.
  Time since last request: 0.999361 seconds.
  path: Assets/Prefabs/Models/circle/circle 0.prefab
  artifactKey: Guid(4090eb26e9a6243499e279e647626f17) Importer(815301076,1909f56bfc062723c751e8b465ee728b)
Start importing Assets/Prefabs/Models/circle/circle 0.prefab using Guid(4090eb26e9a6243499e279e647626f17) Importer(815301076,1909f56bfc062723c751e8b465ee728b)  -> (artifact id: '1906de2b0795b4299b991c6318aae1fd') in 0.008540 seconds 
========================================================================
Received Import Request.
  Time since last request: 0.384648 seconds.
  path: Assets/Prefabs/Models/circle/circle 0.prefab
  artifactKey: Guid(4090eb26e9a6243499e279e647626f17) Importer(815301076,1909f56bfc062723c751e8b465ee728b)
Start importing Assets/Prefabs/Models/circle/circle 0.prefab using Guid(4090eb26e9a6243499e279e647626f17) Importer(815301076,1909f56bfc062723c751e8b465ee728b)  -> (artifact id: '99524a7941a0b926cfca66a5af068c8f') in 0.008321 seconds 
========================================================================
Received Import Request.
  Time since last request: 17.746525 seconds.
  path: Assets/Prefabs/Models/flower
  artifactKey: Guid(91fbe20cc5623e949a7269aff73693c1) Importer(815301076,1909f56bfc062723c751e8b465ee728b)
Start importing Assets/Prefabs/Models/flower using Guid(91fbe20cc5623e949a7269aff73693c1) Importer(815301076,1909f56bfc062723c751e8b465ee728b)  -> (artifact id: '335535d5cd8172302007070d3a0ae517') in 0.006993 seconds 
========================================================================
Received Import Request.
  Time since last request: 24.814657 seconds.
  path: Assets/Prefabs/Models/hex
  artifactKey: Guid(eb33f43f5d882c54f953430a73a6de4c) Importer(815301076,1909f56bfc062723c751e8b465ee728b)
Start importing Assets/Prefabs/Models/hex using Guid(eb33f43f5d882c54f953430a73a6de4c) Importer(815301076,1909f56bfc062723c751e8b465ee728b)  -> (artifact id: '3bc95a24bec2b4f664a27648acb197ee') in 0.006030 seconds 
========================================================================
Received Import Request.
  Time since last request: 27.327204 seconds.
  path: Assets/Prefabs/Models/spikes
  artifactKey: Guid(388bffa546c664c43a615175c3678942) Importer(815301076,1909f56bfc062723c751e8b465ee728b)
Start importing Assets/Prefabs/Models/spikes using Guid(388bffa546c664c43a615175c3678942) Importer(815301076,1909f56bfc062723c751e8b465ee728b)  -> (artifact id: '43616d486642fc6e42c4f1add98b7ad7') in 0.007407 seconds 
========================================================================
Received Import Request.
  Time since last request: 10.917401 seconds.
  path: Assets/Prefabs/Models/spikes/spikes 0.prefab
  artifactKey: Guid(23d3fdaf8929ba6469884ec590fdcc44) Importer(815301076,1909f56bfc062723c751e8b465ee728b)
Start importing Assets/Prefabs/Models/spikes/spikes 0.prefab using Guid(23d3fdaf8929ba6469884ec590fdcc44) Importer(815301076,1909f56bfc062723c751e8b465ee728b)  -> (artifact id: 'da9389ede171f6f0fdd6f377fa70a0a8') in 0.008090 seconds 
========================================================================
Received Import Request.
  Time since last request: 3.817606 seconds.
  path: Assets/Prefabs/Models/spikes/spikes 0.prefab
  artifactKey: Guid(23d3fdaf8929ba6469884ec590fdcc44) Importer(815301076,1909f56bfc062723c751e8b465ee728b)
Start importing Assets/Prefabs/Models/spikes/spikes 0.prefab using Guid(23d3fdaf8929ba6469884ec590fdcc44) Importer(815301076,1909f56bfc062723c751e8b465ee728b)  -> (artifact id: '4399b42cc802705400c6e9bf407a8119') in 0.007255 seconds 
========================================================================
Received Import Request.
  Time since last request: 3.011696 seconds.
  path: Assets/Prefabs/Models/spikes/spikes 0.prefab
  artifactKey: Guid(23d3fdaf8929ba6469884ec590fdcc44) Importer(815301076,1909f56bfc062723c751e8b465ee728b)
Start importing Assets/Prefabs/Models/spikes/spikes 0.prefab using Guid(23d3fdaf8929ba6469884ec590fdcc44) Importer(815301076,1909f56bfc062723c751e8b465ee728b)  -> (artifact id: '800054e4a530f9690741049d75b1f7f0') in 0.007895 seconds 
========================================================================
Received Import Request.
  Time since last request: 3.638396 seconds.
  path: Assets/Prefabs/Models/spikes/spikes 0.prefab
  artifactKey: Guid(23d3fdaf8929ba6469884ec590fdcc44) Importer(815301076,1909f56bfc062723c751e8b465ee728b)
Start importing Assets/Prefabs/Models/spikes/spikes 0.prefab using Guid(23d3fdaf8929ba6469884ec590fdcc44) Importer(815301076,1909f56bfc062723c751e8b465ee728b)  -> (artifact id: '30a7bc1d9ec37dd9cd244c294c0565ce') in 0.008447 seconds 
========================================================================
Received Import Request.
  Time since last request: 29.016070 seconds.
  path: Assets/Prefabs/Models/square
  artifactKey: Guid(65353466ccac299479270ee5d8917c2f) Importer(815301076,1909f56bfc062723c751e8b465ee728b)
Start importing Assets/Prefabs/Models/square using Guid(65353466ccac299479270ee5d8917c2f) Importer(815301076,1909f56bfc062723c751e8b465ee728b)  -> (artifact id: '4953b2d303f2e423e0684866355d4fed') in 0.006457 seconds 
========================================================================
Received Import Request.
  Time since last request: 0.079076 seconds.
  path: Assets/Prefabs/Models/square/square 0.prefab
  artifactKey: Guid(99e26c94b59ea6446ab2abd5b7740396) Importer(815301076,1909f56bfc062723c751e8b465ee728b)
Start importing Assets/Prefabs/Models/square/square 0.prefab using Guid(99e26c94b59ea6446ab2abd5b7740396) Importer(815301076,1909f56bfc062723c751e8b465ee728b)  -> (artifact id: '8f374e6fe1ff328e3af562624ed04284') in 0.016492 seconds 
========================================================================
Received Import Request.
  Time since last request: 0.000045 seconds.
  path: Assets/Prefabs/Models/square/square 2.prefab
  artifactKey: Guid(f2f4592453b666041979e5c5985244af) Importer(815301076,1909f56bfc062723c751e8b465ee728b)
Start importing Assets/Prefabs/Models/square/square 2.prefab using Guid(f2f4592453b666041979e5c5985244af) Importer(815301076,1909f56bfc062723c751e8b465ee728b)  -> (artifact id: 'b7900316ae9559ad08b56f088d2116bc') in 0.015607 seconds 
========================================================================
Received Import Request.
  Time since last request: 39.529499 seconds.
  path: Assets/Prefabs/Models/square/square 0.prefab
  artifactKey: Guid(99e26c94b59ea6446ab2abd5b7740396) Importer(815301076,1909f56bfc062723c751e8b465ee728b)
Start importing Assets/Prefabs/Models/square/square 0.prefab using Guid(99e26c94b59ea6446ab2abd5b7740396) Importer(815301076,1909f56bfc062723c751e8b465ee728b)  -> (artifact id: '6f23211ff57129390f9018cd627f6e8b') in 0.015238 seconds 
========================================================================
Received Import Request.
  Time since last request: 0.000020 seconds.
  path: Assets/Prefabs/Models/square/square 3.prefab
  artifactKey: Guid(13c675376bea900468cb73697e203899) Importer(815301076,1909f56bfc062723c751e8b465ee728b)
Start importing Assets/Prefabs/Models/square/square 3.prefab using Guid(13c675376bea900468cb73697e203899) Importer(815301076,1909f56bfc062723c751e8b465ee728b)  -> (artifact id: 'e6a3067d49fefdb5da9a3c866fc4ab8b') in 0.016009 seconds 
========================================================================
Received Prepare
Registering precompiled user dll's ...
Registered in 0.003627 seconds.
Begin MonoManager ReloadAssembly
Native extension for WindowsStandalone target not found
Native extension for Android target not found
Refreshing native plugins compatible for Editor in 0.95 ms, found 2 plugins.
Preloading 0 native plugins for Editor in 0.00 ms.
Mono: successfully reloaded assembly
- Completed reload, in  1.560 seconds
Domain Reload Profiling:
	ReloadAssembly (1561ms)
		BeginReloadAssembly (165ms)
			ExecutionOrderSort (0ms)
			DisableScriptedObjects (7ms)
			BackupInstance (0ms)
			ReleaseScriptingObjects (0ms)
			CreateAndSetChildDomain (45ms)
		EndReloadAssembly (1263ms)
			LoadAssemblies (97ms)
			RebuildTransferFunctionScriptingTraits (0ms)
			SetupTypeCache (264ms)
				TypeCache.Initialize (261ms)
					TypeCache.ScanAssembly (255ms)
				ResolveRequiredComponents (4ms)
			ReleaseScriptCaches (1ms)
			RebuildScriptCaches (58ms)
			SetupLoadedEditorAssemblies (711ms)
				LogAssemblyErrors (0ms)
				InitializePlatformSupportModulesInManaged (50ms)
				SetLoadedEditorAssemblies (14ms)
				RefreshPlugins (1ms)
				BeforeProcessingInitializeOnLoad (104ms)
				ProcessInitializeOnLoadAttributes (458ms)
				ProcessInitializeOnLoadMethodAttributes (65ms)
				AfterProcessingInitializeOnLoad (19ms)
				EditorAssembliesLoaded (0ms)
			ExecutionOrderSort2 (0ms)
			AwakeInstancesAfterBackupRestoration (13ms)
Platform modules already initialized, skipping
Refreshing native plugins compatible for Editor in 4.29 ms, found 2 plugins.
Preloading 0 native plugins for Editor in 0.00 ms.
Unloading 1692 Unused Serialized files (Serialized files now loaded: 0)
Unloading 13 unused Assets / (25.4 KB). Loaded Objects now: 2181.
Memory consumption went from 285.1 MB to 285.1 MB.
Total: 7.081900 ms (FindLiveObjects: 0.381500 ms CreateObjectMapping: 0.150600 ms MarkObjects: 6.484700 ms  DeleteObjects: 0.062200 ms)

AssetImportParameters requested are different than current active one (requested -> active):
  custom:video-decoder-ogg-theora: a1e56fd34408186e4bbccfd4996cb3dc -> 
  custom:container-muxer-webm: aa71ff27fc2769a1b78a27578f13a17b -> 
  custom:container-demuxer-webm: 4f35f7cbe854078d1ac9338744f61a02 -> 
  custom:video-encoder-webm-vp8: eb34c28f22e8b96e1ab97ce403110664 -> 
  custom:audio-encoder-webm-vorbis: bf7c407c2cedff20999df2af8eb42d56 -> 
  custom:framework-win-MediaFoundation: 216162199b28c13a410421893ffa2e32 -> 
  custom:container-demuxer-ogg: 62fdf1f143b41e24485cea50d1cbac27 -> 
  custom:video-decoder-webm-vp8: 9c59270c3fd7afecdb556c50c9e8de78 -> 
  custom:audio-decoder-ogg-vorbis: bf7c407c2cedff20999df2af8eb42d56 -> 
========================================================================
Received Import Request.
  Time since last request: 35.149274 seconds.
  path: Assets/Prefabs
  artifactKey: Guid(da94e04409fa2e548b53a22f1a8335d3) Importer(815301076,1909f56bfc062723c751e8b465ee728b)
Start importing Assets/Prefabs using Guid(da94e04409fa2e548b53a22f1a8335d3) Importer(815301076,1909f56bfc062723c751e8b465ee728b)  -> (artifact id: '6996cf0c5f643f657ee870555e48d7cd') in 0.005762 seconds 
========================================================================
Received Import Request.
  Time since last request: 0.403359 seconds.
  path: Assets/Scenes
  artifactKey: Guid(25e8f35f361576947b982d4f3b070527) Importer(815301076,1909f56bfc062723c751e8b465ee728b)
Start importing Assets/Scenes using Guid(25e8f35f361576947b982d4f3b070527) Importer(815301076,1909f56bfc062723c751e8b465ee728b)  -> (artifact id: '920c170abc3c39533380a6e5c010cacf') in 0.005796 seconds 
========================================================================
Received Import Request.
  Time since last request: 3.470358 seconds.
  path: Assets/Prefabs/Models/spikes/spikes 0.prefab
  artifactKey: Guid(23d3fdaf8929ba6469884ec590fdcc44) Importer(815301076,1909f56bfc062723c751e8b465ee728b)
Start importing Assets/Prefabs/Models/spikes/spikes 0.prefab using Guid(23d3fdaf8929ba6469884ec590fdcc44) Importer(815301076,1909f56bfc062723c751e8b465ee728b)  -> (artifact id: 'ddd9db81c499c8a11a0ab38301e866db') in 0.078126 seconds 
========================================================================
Received Import Request.
  Time since last request: 0.000025 seconds.
  path: Assets/Prefabs/Models/spikes/spikes 3.prefab
  artifactKey: Guid(45850b997f66d7f4ab285a00b53bfe48) Importer(815301076,1909f56bfc062723c751e8b465ee728b)
Start importing Assets/Prefabs/Models/spikes/spikes 3.prefab using Guid(45850b997f66d7f4ab285a00b53bfe48) Importer(815301076,1909f56bfc062723c751e8b465ee728b)  -> (artifact id: '25e69be157c68a689225b615fd75a5de') in 0.017287 seconds 
========================================================================
Received Prepare
Registering precompiled user dll's ...
Registered in 0.003311 seconds.
Begin MonoManager ReloadAssembly
Native extension for WindowsStandalone target not found
Native extension for Android target not found
Refreshing native plugins compatible for Editor in 0.47 ms, found 2 plugins.
Preloading 0 native plugins for Editor in 0.00 ms.
Mono: successfully reloaded assembly
- Completed reload, in  1.335 seconds
Domain Reload Profiling:
	ReloadAssembly (1336ms)
		BeginReloadAssembly (164ms)
			ExecutionOrderSort (0ms)
			DisableScriptedObjects (6ms)
			BackupInstance (0ms)
			ReleaseScriptingObjects (0ms)
			CreateAndSetChildDomain (44ms)
		EndReloadAssembly (1039ms)
			LoadAssemblies (95ms)
			RebuildTransferFunctionScriptingTraits (0ms)
			SetupTypeCache (251ms)
				TypeCache.Initialize (248ms)
					TypeCache.ScanAssembly (243ms)
				ResolveRequiredComponents (3ms)
			ReleaseScriptCaches (1ms)
			RebuildScriptCaches (49ms)
			SetupLoadedEditorAssemblies (544ms)
				LogAssemblyErrors (0ms)
				InitializePlatformSupportModulesInManaged (33ms)
				SetLoadedEditorAssemblies (11ms)
				RefreshPlugins (1ms)
				BeforeProcessingInitializeOnLoad (74ms)
				ProcessInitializeOnLoadAttributes (346ms)
				ProcessInitializeOnLoadMethodAttributes (59ms)
				AfterProcessingInitializeOnLoad (21ms)
				EditorAssembliesLoaded (1ms)
			ExecutionOrderSort2 (0ms)
			AwakeInstancesAfterBackupRestoration (16ms)
Platform modules already initialized, skipping
Refreshing native plugins compatible for Editor in 2.42 ms, found 2 plugins.
Preloading 0 native plugins for Editor in 0.00 ms.
Unloading 1692 Unused Serialized files (Serialized files now loaded: 0)
Unloading 13 unused Assets / (25.4 KB). Loaded Objects now: 2184.
Memory consumption went from 285.1 MB to 285.1 MB.
Total: 6.427400 ms (FindLiveObjects: 0.265700 ms CreateObjectMapping: 0.074500 ms MarkObjects: 6.023600 ms  DeleteObjects: 0.061000 ms)

AssetImportParameters requested are different than current active one (requested -> active):
  custom:video-decoder-ogg-theora: a1e56fd34408186e4bbccfd4996cb3dc -> 
  custom:container-muxer-webm: aa71ff27fc2769a1b78a27578f13a17b -> 
  custom:container-demuxer-webm: 4f35f7cbe854078d1ac9338744f61a02 -> 
  custom:video-encoder-webm-vp8: eb34c28f22e8b96e1ab97ce403110664 -> 
  custom:audio-encoder-webm-vorbis: bf7c407c2cedff20999df2af8eb42d56 -> 
  custom:framework-win-MediaFoundation: 216162199b28c13a410421893ffa2e32 -> 
  custom:container-demuxer-ogg: 62fdf1f143b41e24485cea50d1cbac27 -> 
  custom:video-decoder-webm-vp8: 9c59270c3fd7afecdb556c50c9e8de78 -> 
  custom:audio-decoder-ogg-vorbis: bf7c407c2cedff20999df2af8eb42d56 -> 
========================================================================
Received Prepare
Registering precompiled user dll's ...
Registered in 0.003135 seconds.
Begin MonoManager ReloadAssembly
Native extension for WindowsStandalone target not found
Native extension for Android target not found
Refreshing native plugins compatible for Editor in 0.51 ms, found 2 plugins.
Preloading 0 native plugins for Editor in 0.00 ms.
Mono: successfully reloaded assembly
- Completed reload, in  1.213 seconds
Domain Reload Profiling:
	ReloadAssembly (1214ms)
		BeginReloadAssembly (150ms)
			ExecutionOrderSort (0ms)
			DisableScriptedObjects (6ms)
			BackupInstance (0ms)
			ReleaseScriptingObjects (0ms)
			CreateAndSetChildDomain (41ms)
		EndReloadAssembly (938ms)
			LoadAssemblies (92ms)
			RebuildTransferFunctionScriptingTraits (0ms)
			SetupTypeCache (248ms)
				TypeCache.Initialize (245ms)
					TypeCache.ScanAssembly (240ms)
				ResolveRequiredComponents (3ms)
			ReleaseScriptCaches (1ms)
			RebuildScriptCaches (50ms)
			SetupLoadedEditorAssemblies (451ms)
				LogAssemblyErrors (0ms)
				InitializePlatformSupportModulesInManaged (30ms)
				SetLoadedEditorAssemblies (9ms)
				RefreshPlugins (1ms)
				BeforeProcessingInitializeOnLoad (68ms)
				ProcessInitializeOnLoadAttributes (283ms)
				ProcessInitializeOnLoadMethodAttributes (47ms)
				AfterProcessingInitializeOnLoad (14ms)
				EditorAssembliesLoaded (0ms)
			ExecutionOrderSort2 (0ms)
			AwakeInstancesAfterBackupRestoration (13ms)
Platform modules already initialized, skipping
Refreshing native plugins compatible for Editor in 2.56 ms, found 2 plugins.
Preloading 0 native plugins for Editor in 0.00 ms.
Unloading 1693 Unused Serialized files (Serialized files now loaded: 0)
Unloading 13 unused Assets / (32.5 KB). Loaded Objects now: 2187.
Memory consumption went from 285.4 MB to 285.4 MB.
Total: 6.298600 ms (FindLiveObjects: 0.299600 ms CreateObjectMapping: 0.074600 ms MarkObjects: 5.856200 ms  DeleteObjects: 0.064100 ms)

AssetImportParameters requested are different than current active one (requested -> active):
  custom:video-decoder-ogg-theora: a1e56fd34408186e4bbccfd4996cb3dc -> 
  custom:container-muxer-webm: aa71ff27fc2769a1b78a27578f13a17b -> 
  custom:container-demuxer-webm: 4f35f7cbe854078d1ac9338744f61a02 -> 
  custom:video-encoder-webm-vp8: eb34c28f22e8b96e1ab97ce403110664 -> 
  custom:audio-encoder-webm-vorbis: bf7c407c2cedff20999df2af8eb42d56 -> 
  custom:framework-win-MediaFoundation: 216162199b28c13a410421893ffa2e32 -> 
  custom:container-demuxer-ogg: 62fdf1f143b41e24485cea50d1cbac27 -> 
  custom:video-decoder-webm-vp8: 9c59270c3fd7afecdb556c50c9e8de78 -> 
  custom:audio-decoder-ogg-vorbis: bf7c407c2cedff20999df2af8eb42d56 -> 
========================================================================
Received Prepare
Registering precompiled user dll's ...
Registered in 0.003486 seconds.
Begin MonoManager ReloadAssembly
Native extension for WindowsStandalone target not found
Native extension for Android target not found
Refreshing native plugins compatible for Editor in 0.81 ms, found 2 plugins.
Preloading 0 native plugins for Editor in 0.00 ms.
Mono: successfully reloaded assembly
- Completed reload, in  1.583 seconds
Domain Reload Profiling:
	ReloadAssembly (1585ms)
		BeginReloadAssembly (169ms)
			ExecutionOrderSort (0ms)
			DisableScriptedObjects (7ms)
			BackupInstance (0ms)
			ReleaseScriptingObjects (0ms)
			CreateAndSetChildDomain (39ms)
		EndReloadAssembly (1283ms)
			LoadAssemblies (100ms)
			RebuildTransferFunctionScriptingTraits (0ms)
			SetupTypeCache (253ms)
				TypeCache.Initialize (246ms)
					TypeCache.ScanAssembly (241ms)
				ResolveRequiredComponents (7ms)
			ReleaseScriptCaches (1ms)
			RebuildScriptCaches (62ms)
			SetupLoadedEditorAssemblies (728ms)
				LogAssemblyErrors (0ms)
				InitializePlatformSupportModulesInManaged (39ms)
				SetLoadedEditorAssemblies (14ms)
				RefreshPlugins (1ms)
				BeforeProcessingInitializeOnLoad (109ms)
				ProcessInitializeOnLoadAttributes (468ms)
				ProcessInitializeOnLoadMethodAttributes (72ms)
				AfterProcessingInitializeOnLoad (25ms)
				EditorAssembliesLoaded (1ms)
			ExecutionOrderSort2 (0ms)
			AwakeInstancesAfterBackupRestoration (20ms)
Platform modules already initialized, skipping
Refreshing native plugins compatible for Editor in 3.24 ms, found 2 plugins.
Preloading 0 native plugins for Editor in 0.00 ms.
Unloading 1693 Unused Serialized files (Serialized files now loaded: 0)
Unloading 13 unused Assets / (32.5 KB). Loaded Objects now: 2190.
Memory consumption went from 285.4 MB to 285.4 MB.
Total: 7.084800 ms (FindLiveObjects: 0.317500 ms CreateObjectMapping: 0.094400 ms MarkObjects: 6.602200 ms  DeleteObjects: 0.067400 ms)

AssetImportParameters requested are different than current active one (requested -> active):
  custom:video-decoder-ogg-theora: a1e56fd34408186e4bbccfd4996cb3dc -> 
  custom:container-muxer-webm: aa71ff27fc2769a1b78a27578f13a17b -> 
  custom:container-demuxer-webm: 4f35f7cbe854078d1ac9338744f61a02 -> 
  custom:video-encoder-webm-vp8: eb34c28f22e8b96e1ab97ce403110664 -> 
  custom:audio-encoder-webm-vorbis: bf7c407c2cedff20999df2af8eb42d56 -> 
  custom:framework-win-MediaFoundation: 216162199b28c13a410421893ffa2e32 -> 
  custom:container-demuxer-ogg: 62fdf1f143b41e24485cea50d1cbac27 -> 
  custom:video-decoder-webm-vp8: 9c59270c3fd7afecdb556c50c9e8de78 -> 
  custom:audio-decoder-ogg-vorbis: bf7c407c2cedff20999df2af8eb42d56 -> 
========================================================================
Received Import Request.
  Time since last request: 284.091787 seconds.
  path: Assets/Prefabs/Models/spikes/spikes 1.prefab
  artifactKey: Guid(5e6e0836b9ff3c34bb52a6099d976936) Importer(815301076,1909f56bfc062723c751e8b465ee728b)
Start importing Assets/Prefabs/Models/spikes/spikes 1.prefab using Guid(5e6e0836b9ff3c34bb52a6099d976936) Importer(815301076,1909f56bfc062723c751e8b465ee728b)  -> (artifact id: '7f0ca37c7c2e7ce71834f6ec92e57952') in 0.074271 seconds 
========================================================================
Received Import Request.
  Time since last request: 3.753790 seconds.
  path: Assets/Prefabs/Models/spikes/spikes 1.prefab
  artifactKey: Guid(5e6e0836b9ff3c34bb52a6099d976936) Importer(815301076,1909f56bfc062723c751e8b465ee728b)
Start importing Assets/Prefabs/Models/spikes/spikes 1.prefab using Guid(5e6e0836b9ff3c34bb52a6099d976936) Importer(815301076,1909f56bfc062723c751e8b465ee728b)  -> (artifact id: 'f7ad9ddface501db018467eff0659064') in 0.010452 seconds 
========================================================================
Received Import Request.
  Time since last request: 2.323449 seconds.
  path: Assets/Prefabs/Models/spikes/spikes 1.prefab
  artifactKey: Guid(5e6e0836b9ff3c34bb52a6099d976936) Importer(815301076,1909f56bfc062723c751e8b465ee728b)
Start importing Assets/Prefabs/Models/spikes/spikes 1.prefab using Guid(5e6e0836b9ff3c34bb52a6099d976936) Importer(815301076,1909f56bfc062723c751e8b465ee728b)  -> (artifact id: '8bfc01960160d0ccdaf2e4138f0b0ebd') in 0.008532 seconds 
========================================================================
Received Import Request.
  Time since last request: 2.836584 seconds.
  path: Assets/Prefabs/Models/spikes/spikes 1.prefab
  artifactKey: Guid(5e6e0836b9ff3c34bb52a6099d976936) Importer(815301076,1909f56bfc062723c751e8b465ee728b)
Start importing Assets/Prefabs/Models/spikes/spikes 1.prefab using Guid(5e6e0836b9ff3c34bb52a6099d976936) Importer(815301076,1909f56bfc062723c751e8b465ee728b)  -> (artifact id: '999d0f9b7125dbe1a1600a7aca844d4d') in 0.008902 seconds 
========================================================================
Received Import Request.
  Time since last request: 6.524037 seconds.
  path: Assets/Prefabs/Models/spikes/spikes 2.prefab
  artifactKey: Guid(0a5c53c4b322ad64989177877c01512b) Importer(815301076,1909f56bfc062723c751e8b465ee728b)
Start importing Assets/Prefabs/Models/spikes/spikes 2.prefab using Guid(0a5c53c4b322ad64989177877c01512b) Importer(815301076,1909f56bfc062723c751e8b465ee728b)  -> (artifact id: '9619a76e50d64548c8a1fda618506329') in 0.009309 seconds 
========================================================================
Received Import Request.
  Time since last request: 2.403549 seconds.
  path: Assets/Prefabs/Models/spikes/spikes 2.prefab
  artifactKey: Guid(0a5c53c4b322ad64989177877c01512b) Importer(815301076,1909f56bfc062723c751e8b465ee728b)
Start importing Assets/Prefabs/Models/spikes/spikes 2.prefab using Guid(0a5c53c4b322ad64989177877c01512b) Importer(815301076,1909f56bfc062723c751e8b465ee728b)  -> (artifact id: '6f48e2e16950ae478f90ea1a28cc7f79') in 0.008646 seconds 
========================================================================
Received Import Request.
  Time since last request: 2.580895 seconds.
  path: Assets/Prefabs/Models/spikes/spikes 2.prefab
  artifactKey: Guid(0a5c53c4b322ad64989177877c01512b) Importer(815301076,1909f56bfc062723c751e8b465ee728b)
Start importing Assets/Prefabs/Models/spikes/spikes 2.prefab using Guid(0a5c53c4b322ad64989177877c01512b) Importer(815301076,1909f56bfc062723c751e8b465ee728b)  -> (artifact id: 'c69965e25ab8bbd7fa3cb01b5d8a929a') in 0.008039 seconds 
========================================================================
Received Import Request.
  Time since last request: 2.580171 seconds.
  path: Assets/Prefabs/Models/spikes/spikes 2.prefab
  artifactKey: Guid(0a5c53c4b322ad64989177877c01512b) Importer(815301076,1909f56bfc062723c751e8b465ee728b)
Start importing Assets/Prefabs/Models/spikes/spikes 2.prefab using Guid(0a5c53c4b322ad64989177877c01512b) Importer(815301076,1909f56bfc062723c751e8b465ee728b)  -> (artifact id: '81a70ab9e8c5645c9929dd0ae7ea139c') in 0.008577 seconds 
========================================================================
Received Import Request.
  Time since last request: 5.935903 seconds.
  path: Assets/Prefabs/Models/spikes/spikes 3.prefab
  artifactKey: Guid(45850b997f66d7f4ab285a00b53bfe48) Importer(815301076,1909f56bfc062723c751e8b465ee728b)
Start importing Assets/Prefabs/Models/spikes/spikes 3.prefab using Guid(45850b997f66d7f4ab285a00b53bfe48) Importer(815301076,1909f56bfc062723c751e8b465ee728b)  -> (artifact id: '10b3d0a209e812e8211068997c7a4744') in 0.008281 seconds 
========================================================================
Received Import Request.
  Time since last request: 2.430216 seconds.
  path: Assets/Prefabs/Models/spikes/spikes 3.prefab
  artifactKey: Guid(45850b997f66d7f4ab285a00b53bfe48) Importer(815301076,1909f56bfc062723c751e8b465ee728b)
Start importing Assets/Prefabs/Models/spikes/spikes 3.prefab using Guid(45850b997f66d7f4ab285a00b53bfe48) Importer(815301076,1909f56bfc062723c751e8b465ee728b)  -> (artifact id: '35ea1d8430e0da3a569b952fc31aa072') in 0.008243 seconds 
========================================================================
Received Import Request.
  Time since last request: 2.512777 seconds.
  path: Assets/Prefabs/Models/spikes/spikes 3.prefab
  artifactKey: Guid(45850b997f66d7f4ab285a00b53bfe48) Importer(815301076,1909f56bfc062723c751e8b465ee728b)
Start importing Assets/Prefabs/Models/spikes/spikes 3.prefab using Guid(45850b997f66d7f4ab285a00b53bfe48) Importer(815301076,1909f56bfc062723c751e8b465ee728b)  -> (artifact id: 'a6b5ff99a726e0ffe8b6e9ad4f39fdb2') in 0.008556 seconds 
========================================================================
Received Import Request.
  Time since last request: 2.732177 seconds.
  path: Assets/Prefabs/Models/spikes/spikes 3.prefab
  artifactKey: Guid(45850b997f66d7f4ab285a00b53bfe48) Importer(815301076,1909f56bfc062723c751e8b465ee728b)
Start importing Assets/Prefabs/Models/spikes/spikes 3.prefab using Guid(45850b997f66d7f4ab285a00b53bfe48) Importer(815301076,1909f56bfc062723c751e8b465ee728b)  -> (artifact id: '89ff2e37bafa80e0a2c1c218a106fd08') in 0.008366 seconds 
========================================================================
Received Prepare
Registering precompiled user dll's ...
Registered in 0.002779 seconds.
Begin MonoManager ReloadAssembly
Native extension for WindowsStandalone target not found
Native extension for Android target not found
Refreshing native plugins compatible for Editor in 0.47 ms, found 2 plugins.
Preloading 0 native plugins for Editor in 0.00 ms.
Mono: successfully reloaded assembly
- Completed reload, in  1.205 seconds
Domain Reload Profiling:
	ReloadAssembly (1206ms)
		BeginReloadAssembly (167ms)
			ExecutionOrderSort (0ms)
			DisableScriptedObjects (6ms)
			BackupInstance (0ms)
			ReleaseScriptingObjects (0ms)
			CreateAndSetChildDomain (42ms)
		EndReloadAssembly (906ms)
			LoadAssemblies (103ms)
			RebuildTransferFunctionScriptingTraits (0ms)
			SetupTypeCache (248ms)
				TypeCache.Initialize (245ms)
					TypeCache.ScanAssembly (240ms)
				ResolveRequiredComponents (3ms)
			ReleaseScriptCaches (1ms)
			RebuildScriptCaches (49ms)
			SetupLoadedEditorAssemblies (441ms)
				LogAssemblyErrors (0ms)
				InitializePlatformSupportModulesInManaged (28ms)
				SetLoadedEditorAssemblies (9ms)
				RefreshPlugins (1ms)
				BeforeProcessingInitializeOnLoad (64ms)
				ProcessInitializeOnLoadAttributes (286ms)
				ProcessInitializeOnLoadMethodAttributes (40ms)
				AfterProcessingInitializeOnLoad (12ms)
				EditorAssembliesLoaded (0ms)
			ExecutionOrderSort2 (0ms)
			AwakeInstancesAfterBackupRestoration (10ms)
Platform modules already initialized, skipping
Refreshing native plugins compatible for Editor in 1.68 ms, found 2 plugins.
Preloading 0 native plugins for Editor in 0.00 ms.
Unloading 1692 Unused Serialized files (Serialized files now loaded: 0)
Unloading 13 unused Assets / (25.4 KB). Loaded Objects now: 2193.
Memory consumption went from 285.2 MB to 285.2 MB.
Total: 4.276100 ms (FindLiveObjects: 0.193400 ms CreateObjectMapping: 0.058700 ms MarkObjects: 3.985500 ms  DeleteObjects: 0.036500 ms)

AssetImportParameters requested are different than current active one (requested -> active):
  custom:video-decoder-ogg-theora: a1e56fd34408186e4bbccfd4996cb3dc -> 
  custom:container-muxer-webm: aa71ff27fc2769a1b78a27578f13a17b -> 
  custom:container-demuxer-webm: 4f35f7cbe854078d1ac9338744f61a02 -> 
  custom:video-encoder-webm-vp8: eb34c28f22e8b96e1ab97ce403110664 -> 
  custom:audio-encoder-webm-vorbis: bf7c407c2cedff20999df2af8eb42d56 -> 
  custom:framework-win-MediaFoundation: 216162199b28c13a410421893ffa2e32 -> 
  custom:container-demuxer-ogg: 62fdf1f143b41e24485cea50d1cbac27 -> 
  custom:video-decoder-webm-vp8: 9c59270c3fd7afecdb556c50c9e8de78 -> 
  custom:audio-decoder-ogg-vorbis: bf7c407c2cedff20999df2af8eb42d56 -> 
========================================================================
Received Prepare
Registering precompiled user dll's ...
Registered in 0.003313 seconds.
Begin MonoManager ReloadAssembly
Native extension for WindowsStandalone target not found
Native extension for Android target not found
Refreshing native plugins compatible for Editor in 0.50 ms, found 2 plugins.
Preloading 0 native plugins for Editor in 0.00 ms.
Mono: successfully reloaded assembly
- Completed reload, in  1.194 seconds
Domain Reload Profiling:
	ReloadAssembly (1195ms)
		BeginReloadAssembly (169ms)
			ExecutionOrderSort (0ms)
			DisableScriptedObjects (7ms)
			BackupInstance (0ms)
			ReleaseScriptingObjects (0ms)
			CreateAndSetChildDomain (40ms)
		EndReloadAssembly (898ms)
			LoadAssemblies (104ms)
			RebuildTransferFunctionScriptingTraits (0ms)
			SetupTypeCache (244ms)
				TypeCache.Initialize (241ms)
					TypeCache.ScanAssembly (236ms)
				ResolveRequiredComponents (3ms)
			ReleaseScriptCaches (1ms)
			RebuildScriptCaches (53ms)
			SetupLoadedEditorAssemblies (437ms)
				LogAssemblyErrors (0ms)
				InitializePlatformSupportModulesInManaged (29ms)
				SetLoadedEditorAssemblies (9ms)
				RefreshPlugins (1ms)
				BeforeProcessingInitializeOnLoad (65ms)
				ProcessInitializeOnLoadAttributes (280ms)
				ProcessInitializeOnLoadMethodAttributes (42ms)
				AfterProcessingInitializeOnLoad (12ms)
				EditorAssembliesLoaded (0ms)
			ExecutionOrderSort2 (0ms)
			AwakeInstancesAfterBackupRestoration (9ms)
Platform modules already initialized, skipping
Refreshing native plugins compatible for Editor in 1.89 ms, found 2 plugins.
Preloading 0 native plugins for Editor in 0.00 ms.
Unloading 1693 Unused Serialized files (Serialized files now loaded: 0)
Unloading 13 unused Assets / (32.5 KB). Loaded Objects now: 2196.
Memory consumption went from 285.4 MB to 285.4 MB.
Total: 4.298000 ms (FindLiveObjects: 0.208100 ms CreateObjectMapping: 0.061000 ms MarkObjects: 3.979300 ms  DeleteObjects: 0.047400 ms)

AssetImportParameters requested are different than current active one (requested -> active):
  custom:video-decoder-ogg-theora: a1e56fd34408186e4bbccfd4996cb3dc -> 
  custom:container-muxer-webm: aa71ff27fc2769a1b78a27578f13a17b -> 
  custom:container-demuxer-webm: 4f35f7cbe854078d1ac9338744f61a02 -> 
  custom:video-encoder-webm-vp8: eb34c28f22e8b96e1ab97ce403110664 -> 
  custom:audio-encoder-webm-vorbis: bf7c407c2cedff20999df2af8eb42d56 -> 
  custom:framework-win-MediaFoundation: 216162199b28c13a410421893ffa2e32 -> 
  custom:container-demuxer-ogg: 62fdf1f143b41e24485cea50d1cbac27 -> 
  custom:video-decoder-webm-vp8: 9c59270c3fd7afecdb556c50c9e8de78 -> 
  custom:audio-decoder-ogg-vorbis: bf7c407c2cedff20999df2af8eb42d56 -> 
========================================================================
Received Import Request.
  Time since last request: 66.651203 seconds.
  path: Assets/Prefabs/Models/spikes/spikes 3.prefab
  artifactKey: Guid(45850b997f66d7f4ab285a00b53bfe48) Importer(815301076,1909f56bfc062723c751e8b465ee728b)
Start importing Assets/Prefabs/Models/spikes/spikes 3.prefab using Guid(45850b997f66d7f4ab285a00b53bfe48) Importer(815301076,1909f56bfc062723c751e8b465ee728b)  -> (artifact id: '426ecba15f7df09e984d7138513cff57') in 0.101169 seconds 
========================================================================
Received Import Request.
  Time since last request: 3.681998 seconds.
  path: Assets/Prefabs/Models/spikes/spikes 3.prefab
  artifactKey: Guid(45850b997f66d7f4ab285a00b53bfe48) Importer(815301076,1909f56bfc062723c751e8b465ee728b)
Start importing Assets/Prefabs/Models/spikes/spikes 3.prefab using Guid(45850b997f66d7f4ab285a00b53bfe48) Importer(815301076,1909f56bfc062723c751e8b465ee728b)  -> (artifact id: 'b1add8f6b5e2d2f0fbeeabb0d1962f71') in 0.012620 seconds 
========================================================================
Received Import Request.
  Time since last request: 8.420960 seconds.
  path: Assets/Prefabs/Models/spikes/spikes 3.prefab
  artifactKey: Guid(45850b997f66d7f4ab285a00b53bfe48) Importer(815301076,1909f56bfc062723c751e8b465ee728b)
Start importing Assets/Prefabs/Models/spikes/spikes 3.prefab using Guid(45850b997f66d7f4ab285a00b53bfe48) Importer(815301076,1909f56bfc062723c751e8b465ee728b)  -> (artifact id: '213b229365634e958f1f3e3b4c7f54d0') in 0.010209 seconds 
========================================================================
Received Import Request.
  Time since last request: 7.433234 seconds.
  path: Assets/Prefabs/Models/spikes/spikes 3.prefab
  artifactKey: Guid(45850b997f66d7f4ab285a00b53bfe48) Importer(815301076,1909f56bfc062723c751e8b465ee728b)
Start importing Assets/Prefabs/Models/spikes/spikes 3.prefab using Guid(45850b997f66d7f4ab285a00b53bfe48) Importer(815301076,1909f56bfc062723c751e8b465ee728b)  -> (artifact id: 'e473d54b96e07fab80d99856b261b679') in 0.009634 seconds 
========================================================================
Received Import Request.
  Time since last request: 36.496601 seconds.
  path: Assets/Prefabs/Models/spikes/spikes 0.prefab
  artifactKey: Guid(23d3fdaf8929ba6469884ec590fdcc44) Importer(815301076,1909f56bfc062723c751e8b465ee728b)
Start importing Assets/Prefabs/Models/spikes/spikes 0.prefab using Guid(23d3fdaf8929ba6469884ec590fdcc44) Importer(815301076,1909f56bfc062723c751e8b465ee728b)  -> (artifact id: '88153495a7eed378a18c2e3c31c9d511') in 0.009090 seconds 
========================================================================
Received Import Request.
  Time since last request: 8.250958 seconds.
  path: Assets/Prefabs/Models/spikes/spikes 1.prefab
  artifactKey: Guid(5e6e0836b9ff3c34bb52a6099d976936) Importer(815301076,1909f56bfc062723c751e8b465ee728b)
Start importing Assets/Prefabs/Models/spikes/spikes 1.prefab using Guid(5e6e0836b9ff3c34bb52a6099d976936) Importer(815301076,1909f56bfc062723c751e8b465ee728b)  -> (artifact id: '47b3deaebf0af6be605f787c71106438') in 0.008551 seconds 
========================================================================
Received Import Request.
  Time since last request: 7.867439 seconds.
  path: Assets/Prefabs/Models/spikes/spikes 2.prefab
  artifactKey: Guid(0a5c53c4b322ad64989177877c01512b) Importer(815301076,1909f56bfc062723c751e8b465ee728b)
Start importing Assets/Prefabs/Models/spikes/spikes 2.prefab using Guid(0a5c53c4b322ad64989177877c01512b) Importer(815301076,1909f56bfc062723c751e8b465ee728b)  -> (artifact id: '4eb5281d762565723d11d8f38e9307e6') in 0.008473 seconds 
========================================================================
Received Prepare
Registering precompiled user dll's ...
Registered in 0.003118 seconds.
Begin MonoManager ReloadAssembly
Native extension for WindowsStandalone target not found
Native extension for Android target not found
Refreshing native plugins compatible for Editor in 0.50 ms, found 2 plugins.
Preloading 0 native plugins for Editor in 0.00 ms.
Mono: successfully reloaded assembly
- Completed reload, in  1.169 seconds
Domain Reload Profiling:
	ReloadAssembly (1170ms)
		BeginReloadAssembly (142ms)
			ExecutionOrderSort (0ms)
			DisableScriptedObjects (5ms)
			BackupInstance (0ms)
			ReleaseScriptingObjects (0ms)
			CreateAndSetChildDomain (37ms)
		EndReloadAssembly (902ms)
			LoadAssemblies (87ms)
			RebuildTransferFunctionScriptingTraits (0ms)
			SetupTypeCache (247ms)
				TypeCache.Initialize (242ms)
					TypeCache.ScanAssembly (237ms)
				ResolveRequiredComponents (5ms)
			ReleaseScriptCaches (1ms)
			RebuildScriptCaches (49ms)
			SetupLoadedEditorAssemblies (435ms)
				LogAssemblyErrors (0ms)
				InitializePlatformSupportModulesInManaged (29ms)
				SetLoadedEditorAssemblies (9ms)
				RefreshPlugins (1ms)
				BeforeProcessingInitializeOnLoad (64ms)
				ProcessInitializeOnLoadAttributes (279ms)
				ProcessInitializeOnLoadMethodAttributes (41ms)
				AfterProcessingInitializeOnLoad (12ms)
				EditorAssembliesLoaded (0ms)
			ExecutionOrderSort2 (0ms)
			AwakeInstancesAfterBackupRestoration (11ms)
Platform modules already initialized, skipping
Refreshing native plugins compatible for Editor in 2.03 ms, found 2 plugins.
Preloading 0 native plugins for Editor in 0.00 ms.
Unloading 1692 Unused Serialized files (Serialized files now loaded: 0)
Unloading 13 unused Assets / (25.3 KB). Loaded Objects now: 2199.
Memory consumption went from 285.2 MB to 285.2 MB.
Total: 4.542100 ms (FindLiveObjects: 0.212900 ms CreateObjectMapping: 0.060300 ms MarkObjects: 4.213400 ms  DeleteObjects: 0.053100 ms)

AssetImportParameters requested are different than current active one (requested -> active):
  custom:video-decoder-ogg-theora: a1e56fd34408186e4bbccfd4996cb3dc -> 
  custom:container-muxer-webm: aa71ff27fc2769a1b78a27578f13a17b -> 
  custom:container-demuxer-webm: 4f35f7cbe854078d1ac9338744f61a02 -> 
  custom:video-encoder-webm-vp8: eb34c28f22e8b96e1ab97ce403110664 -> 
  custom:audio-encoder-webm-vorbis: bf7c407c2cedff20999df2af8eb42d56 -> 
  custom:framework-win-MediaFoundation: 216162199b28c13a410421893ffa2e32 -> 
  custom:container-demuxer-ogg: 62fdf1f143b41e24485cea50d1cbac27 -> 
  custom:video-decoder-webm-vp8: 9c59270c3fd7afecdb556c50c9e8de78 -> 
  custom:audio-decoder-ogg-vorbis: bf7c407c2cedff20999df2af8eb42d56 -> 
========================================================================
Received Prepare
Registering precompiled user dll's ...
Registered in 0.003961 seconds.
Begin MonoManager ReloadAssembly
Native extension for WindowsStandalone target not found
Native extension for Android target not found
Refreshing native plugins compatible for Editor in 0.58 ms, found 2 plugins.
Preloading 0 native plugins for Editor in 0.00 ms.
Mono: successfully reloaded assembly
- Completed reload, in  1.310 seconds
Domain Reload Profiling:
	ReloadAssembly (1311ms)
		BeginReloadAssembly (159ms)
			ExecutionOrderSort (0ms)
			DisableScriptedObjects (7ms)
			BackupInstance (0ms)
			ReleaseScriptingObjects (0ms)
			CreateAndSetChildDomain (39ms)
		EndReloadAssembly (1015ms)
			LoadAssemblies (100ms)
			RebuildTransferFunctionScriptingTraits (0ms)
			SetupTypeCache (248ms)
				TypeCache.Initialize (245ms)
					TypeCache.ScanAssembly (239ms)
				ResolveRequiredComponents (3ms)
			ReleaseScriptCaches (1ms)
			RebuildScriptCaches (52ms)
			SetupLoadedEditorAssemblies (518ms)
				LogAssemblyErrors (0ms)
				InitializePlatformSupportModulesInManaged (30ms)
				SetLoadedEditorAssemblies (9ms)
				RefreshPlugins (1ms)
				BeforeProcessingInitializeOnLoad (66ms)
				ProcessInitializeOnLoadAttributes (329ms)
				ProcessInitializeOnLoadMethodAttributes (62ms)
				AfterProcessingInitializeOnLoad (20ms)
				EditorAssembliesLoaded (1ms)
			ExecutionOrderSort2 (0ms)
			AwakeInstancesAfterBackupRestoration (18ms)
Platform modules already initialized, skipping
Refreshing native plugins compatible for Editor in 3.01 ms, found 2 plugins.
Preloading 0 native plugins for Editor in 0.00 ms.
Unloading 1693 Unused Serialized files (Serialized files now loaded: 0)
Unloading 13 unused Assets / (32.6 KB). Loaded Objects now: 2202.
Memory consumption went from 285.5 MB to 285.4 MB.
Total: 7.169500 ms (FindLiveObjects: 0.326300 ms CreateObjectMapping: 0.153100 ms MarkObjects: 6.621300 ms  DeleteObjects: 0.065300 ms)

AssetImportParameters requested are different than current active one (requested -> active):
  custom:video-decoder-ogg-theora: a1e56fd34408186e4bbccfd4996cb3dc -> 
  custom:container-muxer-webm: aa71ff27fc2769a1b78a27578f13a17b -> 
  custom:container-demuxer-webm: 4f35f7cbe854078d1ac9338744f61a02 -> 
  custom:video-encoder-webm-vp8: eb34c28f22e8b96e1ab97ce403110664 -> 
  custom:audio-encoder-webm-vorbis: bf7c407c2cedff20999df2af8eb42d56 -> 
  custom:framework-win-MediaFoundation: 216162199b28c13a410421893ffa2e32 -> 
  custom:container-demuxer-ogg: 62fdf1f143b41e24485cea50d1cbac27 -> 
  custom:video-decoder-webm-vp8: 9c59270c3fd7afecdb556c50c9e8de78 -> 
  custom:audio-decoder-ogg-vorbis: bf7c407c2cedff20999df2af8eb42d56 -> 
========================================================================
Received Import Request.
  Time since last request: 95.249716 seconds.
  path: ProjectSettings/TagManager.asset
  artifactKey: Guid(00000000000000003000000000000000) Importer(815301076,1909f56bfc062723c751e8b465ee728b)
Start importing ProjectSettings/TagManager.asset using Guid(00000000000000003000000000000000) Importer(815301076,1909f56bfc062723c751e8b465ee728b)  -> (artifact id: '5d16a2b79bdfa7dba26c0ee923b896ba') in 0.016380 seconds 
========================================================================
Received Import Request.
  Time since last request: 80.549141 seconds.
  path: Assets/Prefabs/Models/spikes/spikes 0.prefab
  artifactKey: Guid(23d3fdaf8929ba6469884ec590fdcc44) Importer(815301076,1909f56bfc062723c751e8b465ee728b)
Start importing Assets/Prefabs/Models/spikes/spikes 0.prefab using Guid(23d3fdaf8929ba6469884ec590fdcc44) Importer(815301076,1909f56bfc062723c751e8b465ee728b)  -> (artifact id: '01004463bd4fae181d802ee4ab179b95') in 0.064482 seconds 
========================================================================
Received Import Request.
  Time since last request: 7.888212 seconds.
  path: Assets/Prefabs/Models/spikes/spikes 1.prefab
  artifactKey: Guid(5e6e0836b9ff3c34bb52a6099d976936) Importer(815301076,1909f56bfc062723c751e8b465ee728b)
Start importing Assets/Prefabs/Models/spikes/spikes 1.prefab using Guid(5e6e0836b9ff3c34bb52a6099d976936) Importer(815301076,1909f56bfc062723c751e8b465ee728b)  -> (artifact id: 'aaa4ddeeceb420b6596f59227eab84a0') in 0.009136 seconds 
========================================================================
Received Import Request.
  Time since last request: 7.041833 seconds.
  path: Assets/Prefabs/Models/spikes/spikes 2.prefab
  artifactKey: Guid(0a5c53c4b322ad64989177877c01512b) Importer(815301076,1909f56bfc062723c751e8b465ee728b)
Start importing Assets/Prefabs/Models/spikes/spikes 2.prefab using Guid(0a5c53c4b322ad64989177877c01512b) Importer(815301076,1909f56bfc062723c751e8b465ee728b)  -> (artifact id: '81096140b308b02fad2cbd631a827e7b') in 0.011090 seconds 
========================================================================
Received Import Request.
  Time since last request: 5.978285 seconds.
  path: Assets/Prefabs/Models/spikes/spikes 3.prefab
  artifactKey: Guid(45850b997f66d7f4ab285a00b53bfe48) Importer(815301076,1909f56bfc062723c751e8b465ee728b)
Start importing Assets/Prefabs/Models/spikes/spikes 3.prefab using Guid(45850b997f66d7f4ab285a00b53bfe48) Importer(815301076,1909f56bfc062723c751e8b465ee728b)  -> (artifact id: 'a8a8bc3696f1e5cdaffb24342a2a9fdc') in 0.008924 seconds 
========================================================================
Received Import Request.
  Time since last request: 1.516214 seconds.
  path: Assets/Prefabs/Models/spikes/spikes 0.prefab
  artifactKey: Guid(23d3fdaf8929ba6469884ec590fdcc44) Importer(815301076,1909f56bfc062723c751e8b465ee728b)
Start importing Assets/Prefabs/Models/spikes/spikes 0.prefab using Guid(23d3fdaf8929ba6469884ec590fdcc44) Importer(815301076,1909f56bfc062723c751e8b465ee728b)  -> (artifact id: '118dba55f17dcba1e8b47d74daebdaa4') in 0.015052 seconds 
========================================================================
Received Import Request.
  Time since last request: 0.000023 seconds.
  path: Assets/Prefabs/Models/spikes/spikes 3.prefab
  artifactKey: Guid(45850b997f66d7f4ab285a00b53bfe48) Importer(815301076,1909f56bfc062723c751e8b465ee728b)
Start importing Assets/Prefabs/Models/spikes/spikes 3.prefab using Guid(45850b997f66d7f4ab285a00b53bfe48) Importer(815301076,1909f56bfc062723c751e8b465ee728b)  -> (artifact id: '66100e9a0be4f29fffd36765e32bfe2b') in 0.012235 seconds 
========================================================================
Received Import Request.
  Time since last request: 0.000021 seconds.
  path: Assets/Prefabs/Models/spikes/spikes 2.prefab
  artifactKey: Guid(0a5c53c4b322ad64989177877c01512b) Importer(815301076,1909f56bfc062723c751e8b465ee728b)
Start importing Assets/Prefabs/Models/spikes/spikes 2.prefab using Guid(0a5c53c4b322ad64989177877c01512b) Importer(815301076,1909f56bfc062723c751e8b465ee728b)  -> (artifact id: 'edb33544eff883084971624a1b78542d') in 0.012535 seconds 
========================================================================
Received Prepare
Registering precompiled user dll's ...
Registered in 0.003495 seconds.
Begin MonoManager ReloadAssembly
Native extension for WindowsStandalone target not found
Native extension for Android target not found
Refreshing native plugins compatible for Editor in 0.56 ms, found 2 plugins.
Preloading 0 native plugins for Editor in 0.00 ms.
Mono: successfully reloaded assembly
- Completed reload, in  1.221 seconds
Domain Reload Profiling:
	ReloadAssembly (1222ms)
		BeginReloadAssembly (158ms)
			ExecutionOrderSort (0ms)
			DisableScriptedObjects (6ms)
			BackupInstance (0ms)
			ReleaseScriptingObjects (0ms)
			CreateAndSetChildDomain (41ms)
		EndReloadAssembly (933ms)
			LoadAssemblies (97ms)
			RebuildTransferFunctionScriptingTraits (0ms)
			SetupTypeCache (248ms)
				TypeCache.Initialize (245ms)
					TypeCache.ScanAssembly (240ms)
				ResolveRequiredComponents (3ms)
			ReleaseScriptCaches (1ms)
			RebuildScriptCaches (51ms)
			SetupLoadedEditorAssemblies (454ms)
				LogAssemblyErrors (0ms)
				InitializePlatformSupportModulesInManaged (29ms)
				SetLoadedEditorAssemblies (9ms)
				RefreshPlugins (1ms)
				BeforeProcessingInitializeOnLoad (62ms)
				ProcessInitializeOnLoadAttributes (289ms)
				ProcessInitializeOnLoadMethodAttributes (52ms)
				AfterProcessingInitializeOnLoad (12ms)
				EditorAssembliesLoaded (0ms)
			ExecutionOrderSort2 (0ms)
			AwakeInstancesAfterBackupRestoration (11ms)
Platform modules already initialized, skipping
Refreshing native plugins compatible for Editor in 2.91 ms, found 2 plugins.
Preloading 0 native plugins for Editor in 0.00 ms.
Unloading 1692 Unused Serialized files (Serialized files now loaded: 0)
Unloading 14 unused Assets / (25.5 KB). Loaded Objects now: 2205.
Memory consumption went from 285.3 MB to 285.3 MB.
Total: 6.776000 ms (FindLiveObjects: 0.366300 ms CreateObjectMapping: 0.164000 ms MarkObjects: 6.161200 ms  DeleteObjects: 0.081700 ms)

AssetImportParameters requested are different than current active one (requested -> active):
  custom:video-decoder-ogg-theora: a1e56fd34408186e4bbccfd4996cb3dc -> 
  custom:container-muxer-webm: aa71ff27fc2769a1b78a27578f13a17b -> 
  custom:container-demuxer-webm: 4f35f7cbe854078d1ac9338744f61a02 -> 
  custom:video-encoder-webm-vp8: eb34c28f22e8b96e1ab97ce403110664 -> 
  custom:audio-encoder-webm-vorbis: bf7c407c2cedff20999df2af8eb42d56 -> 
  custom:framework-win-MediaFoundation: 216162199b28c13a410421893ffa2e32 -> 
  custom:container-demuxer-ogg: 62fdf1f143b41e24485cea50d1cbac27 -> 
  custom:video-decoder-webm-vp8: 9c59270c3fd7afecdb556c50c9e8de78 -> 
  custom:audio-decoder-ogg-vorbis: bf7c407c2cedff20999df2af8eb42d56 -> 
